<?xml version="1.0" encoding="UTF-8"?>
<!-- Generated by org.testng.reporters.JUnitReportReporter -->
<testsuite hostname="Devika" failures="0" tests="5" name="com.qa.SauceDemo.Tests.ProductTest" time="17.411" errors="0" timestamp="2024-10-01T08:56:28 IST" skipped="0">
  <testcase classname="com.qa.SauceDemo.Tests.ProductTest" name="AproductnameTest" time="0.048"/>
  <system-out/>
  <testcase classname="com.qa.SauceDemo.Tests.ProductTest" name="addToCartProductPage" time="5.818"/>
  <system-out/>
  <testcase classname="com.qa.SauceDemo.Tests.ProductTest" name="Bproductprice" time="0.031"/>
  <system-out/>
  <testcase classname="com.qa.SauceDemo.Tests.ProductTest" name="finishtest" time="10.715"/>
  <system-out/>
  <testcase classname="com.qa.SauceDemo.Tests.ProductTest" name="doCheckoutTest" time="0.799"/>
  <system-out/>
</testsuite> <!-- com.qa.SauceDemo.Tests.ProductTest -->
