<?xml version="1.0" encoding="UTF-8"?>
<!-- Generated by org.testng.reporters.JUnitReportReporter -->
<testsuite hostname="Devika" failures="0" tests="3" name="com.qa.SauceDemo.Tests.LoginTest" time="2.234" errors="0" timestamp="2024-10-01T08:55:56 IST" skipped="0">
  <testcase classname="com.qa.SauceDemo.Tests.LoginTest" name="LoginPageTitleTest" time="0.034"/>
  <system-out/>
  <testcase classname="com.qa.SauceDemo.Tests.LoginTest" name="doLoginTest" time="2.180"/>
  <system-out/>
  <testcase classname="com.qa.SauceDemo.Tests.LoginTest" name="LoginpageUrlTest" time="0.020"/>
  <system-out/>
</testsuite> <!-- com.qa.SauceDemo.Tests.LoginTest -->
